<?xml version="1.0" encoding="UTF-8"?>
<!-- Generated by org.testng.reporters.JUnitReportReporter -->
<testsuite hostname="DESKTOP-LAUHH40" failures="0" tests="1" name="SampleTest2" time="6.181" errors="0" timestamp="2022-03-07T00:21:27 AEDT" skipped="0">
  <testcase classname="SampleTest2" name="OnePage" time="6.181"/>
  <system-out/>
</testsuite> <!-- SampleTest2 -->
